<?xml version="1.0" encoding="UTF-8"?>
<!-- Generated by org.testng.reporters.JUnitReportReporter -->
<testsuite hostname="DESKTOP-60CSUN6" failures="0" tests="1" name="testNG.NewTest" time="0.010" errors="0" timestamp="2023-04-24T18:19:45 IST" skipped="0">
  <testcase classname="testNG.NewTest" name="f" time="0.010"/>
  <system-out/>
</testsuite> <!-- testNG.NewTest -->
