<?xml version="1.0" encoding="UTF-8"?>
<!-- Generated by org.testng.reporters.JUnitReportReporter -->
<testsuite hostname="DESKTOP-60CSUN6" failures="0" tests="2" name="Maven_Testng.Maven_Testng.NewTest" time="0.008" errors="0" timestamp="2023-04-21T12:48:37 IST" skipped="0">
  <testcase classname="Maven_Testng.Maven_Testng.NewTest" name="f" time="0.007"/>
  <system-out/>
  <testcase classname="Maven_Testng.Maven_Testng.NewTest" name="g" time="0.001"/>
  <system-out/>
</testsuite> <!-- Maven_Testng.Maven_Testng.NewTest -->
