<?xml version="1.0" encoding="UTF-8"?>
<!-- Generated by org.testng.reporters.JUnitReportReporter -->
<testsuite hostname="DESKTOP-60CSUN6" failures="0" tests="1" name="TEST1.NewTest" time="6.794" errors="0" timestamp="2023-01-21T19:17:18 IST" skipped="0">
  <testcase classname="TEST1.NewTest" name="f" time="6.794"/>
  <system-out/>
</testsuite> <!-- TEST1.NewTest -->
